{
  "RSpec": {
    "coverage": {
      "D:/gigih/Tahap_02/final_project/spec/controllers/hashtag_controller_spec.rb": {
        "lines": [
          1,
          1,
          null,
          1,
          1,
          1,
          1,
          1,
          1,
          1,
          null,
          1,
          1,
          1,
          1,
          1,
          1,
          null,
          null,
          1,
          1,
          1,
          1,
          1,
          1,
          1,
          1,
          1,
          1,
          null,
          null,
          1,
          1,
          1,
          1,
          1,
          1,
          1,
          1,
          null,
          1,
          1,
          null,
          1,
          null,
          null,
          null,
          null
        ]
      },
      "D:/gigih/Tahap_02/final_project/controllers/hashtag_controller.rb": {
        "lines": [
          1,
          null,
          1,
          1,
          1,
          null,
          null,
          1,
          1,
          null,
          1,
          null,
          null,
          null,
          null
        ]
      },
      "D:/gigih/Tahap_02/final_project/models/hashtag.rb": {
        "lines": [
          1,
          1,
          0,
          0,
          null,
          null,
          1,
          0,
          0,
          0,
          null,
          null,
          0,
          null,
          null,
          1,
          0,
          0,
          0,
          0,
          0,
          null,
          0,
          null,
          null,
          1,
          0,
          0,
          0,
          0,
          0,
          0,
          0,
          null,
          null,
          0,
          null,
          null,
          1,
          1,
          1,
          null,
          null
        ]
      },
      "D:/gigih/Tahap_02/final_project/db/db_connector.rb": {
        "lines": [
          1,
          null,
          1,
          2,
          null,
          null,
          null,
          null,
          null,
          2,
          null
        ]
      }
    },
    "timestamp": 1629299018
  }
}
